2024-03-10 20:59:43,136 INFO o.a.j.u.JMeterUtils: Setting Locale to en_EN
2024-03-10 20:59:43,168 INFO o.a.j.JMeter: Loading user properties from: user.properties
2024-03-10 20:59:43,170 INFO o.a.j.JMeter: Loading system properties from: system.properties
2024-03-10 20:59:43,178 INFO o.a.j.JMeter: Copyright (c) 1998-2024 The Apache Software Foundation
2024-03-10 20:59:43,178 INFO o.a.j.JMeter: Version 5.6.3
2024-03-10 20:59:43,178 INFO o.a.j.JMeter: java.version=21.0.2
2024-03-10 20:59:43,179 INFO o.a.j.JMeter: java.vm.name=Java HotSpot(TM) 64-Bit Server VM
2024-03-10 20:59:43,179 INFO o.a.j.JMeter: os.name=Windows 10
2024-03-10 20:59:43,179 INFO o.a.j.JMeter: os.arch=amd64
2024-03-10 20:59:43,179 INFO o.a.j.JMeter: os.version=10.0
2024-03-10 20:59:43,179 INFO o.a.j.JMeter: file.encoding=UTF-8
2024-03-10 20:59:43,179 INFO o.a.j.JMeter: java.awt.headless=null
2024-03-10 20:59:43,179 INFO o.a.j.JMeter: Max memory     =1073741824
2024-03-10 20:59:43,179 INFO o.a.j.JMeter: Available Processors =8
2024-03-10 20:59:43,194 INFO o.a.j.JMeter: Default Locale=English (EN)
2024-03-10 20:59:43,195 INFO o.a.j.JMeter: JMeter  Locale=English (EN)
2024-03-10 20:59:43,195 INFO o.a.j.JMeter: JMeterHome=C:\Users\Ashutosh\Desktop\microservices\apache-jmeter-5.6.3\apache-jmeter-5.6.3
2024-03-10 20:59:43,195 INFO o.a.j.JMeter: user.dir  =C:\Users\Ashutosh\Desktop\microservices\apache-jmeter-5.6.3\apache-jmeter-5.6.3\bin
2024-03-10 20:59:43,195 INFO o.a.j.JMeter: PWD       =C:\Users\Ashutosh\Desktop\microservices\apache-jmeter-5.6.3\apache-jmeter-5.6.3\bin
2024-03-10 20:59:43,203 INFO o.a.j.JMeter: IP: 192.168.1.46 Name: DESKTOP-GRNC5A6 FullName: 192.168.1.46
2024-03-10 20:59:43,231 INFO o.a.j.JMeter: Loaded icon properties from org/apache/jmeter/images/icon.properties
2024-03-10 20:59:43,567 INFO o.a.j.JMeterGuiLauncher: Setting LAF to: com.github.weisj.darklaf.DarkLaf:com.github.weisj.darklaf.theme.DarculaTheme
2024-03-10 21:02:06,656 INFO o.a.j.p.h.s.HTTPSamplerBase: Parser for text/html is org.apache.jmeter.protocol.http.parser.LagartoBasedHtmlParser
2024-03-10 21:02:06,657 INFO o.a.j.p.h.s.HTTPSamplerBase: Parser for application/xhtml+xml is org.apache.jmeter.protocol.http.parser.LagartoBasedHtmlParser
2024-03-10 21:02:06,657 INFO o.a.j.p.h.s.HTTPSamplerBase: Parser for application/xml is org.apache.jmeter.protocol.http.parser.LagartoBasedHtmlParser
2024-03-10 21:02:06,657 INFO o.a.j.p.h.s.HTTPSamplerBase: Parser for text/xml is org.apache.jmeter.protocol.http.parser.LagartoBasedHtmlParser
2024-03-10 21:02:06,657 INFO o.a.j.p.h.s.HTTPSamplerBase: Parser for text/vnd.wap.wml is org.apache.jmeter.protocol.http.parser.RegexpHTMLParser
2024-03-10 21:02:06,657 INFO o.a.j.p.h.s.HTTPSamplerBase: Parser for text/css is org.apache.jmeter.protocol.http.parser.CssParser
2024-03-10 21:03:10,556 INFO o.a.j.s.SampleResult: Note: Sample TimeStamps are START times
2024-03-10 21:03:10,556 INFO o.a.j.s.SampleResult: sampleresult.default.encoding is set to UTF-8
2024-03-10 21:03:10,557 INFO o.a.j.s.SampleResult: sampleresult.useNanoTime=true
2024-03-10 21:03:10,557 INFO o.a.j.s.SampleResult: sampleresult.nanoThreadSleep=5000
2024-03-10 21:03:22,483 INFO o.a.j.s.FileServer: Default base='C:\Users\Ashutosh\Desktop\microservices\apache-jmeter-5.6.3\apache-jmeter-5.6.3\bin'
2024-03-10 21:03:22,485 INFO o.a.j.s.FileServer: Set new base='C:\Users\Ashutosh\Desktop\microservices\apache-jmeter-5.6.3\apache-jmeter-5.6.3\bin'
2024-03-10 21:03:22,794 INFO o.a.j.s.SaveService: Testplan (JMX) version: 2.2. Testlog (JTL) version: 2.2
2024-03-10 21:03:22,844 INFO o.a.j.s.SaveService: Using SaveService properties version 5.0
2024-03-10 21:03:22,846 INFO o.a.j.s.SaveService: Using SaveService properties file encoding UTF-8
2024-03-10 21:03:22,891 INFO o.a.j.e.StandardJMeterEngine: Running the test!
2024-03-10 21:03:22,893 INFO o.a.j.s.SampleEvent: List of sample_variables: []
2024-03-10 21:03:22,893 INFO o.a.j.s.SampleEvent: List of sample_variables: []
2024-03-10 21:03:22,895 INFO o.a.j.e.u.CompoundVariable: Note: Function class names must contain the string: '.functions.'
2024-03-10 21:03:22,895 INFO o.a.j.e.u.CompoundVariable: Note: Function class names must not contain the string: '.gui.'
2024-03-10 21:03:22,992 INFO o.a.j.g.u.JMeterMenuBar: setRunning(true, *local*)
2024-03-10 21:03:23,034 INFO o.a.j.e.StandardJMeterEngine: Starting ThreadGroup: 1 : Thread Group
2024-03-10 21:03:23,035 INFO o.a.j.e.StandardJMeterEngine: Starting 15 threads for group Thread Group.
2024-03-10 21:03:23,035 INFO o.a.j.e.StandardJMeterEngine: Thread will continue on error
2024-03-10 21:03:23,035 INFO o.a.j.t.ThreadGroup: Starting thread group... number=1 threads=15 ramp-up=1 delayedStart=false
2024-03-10 21:03:23,041 INFO o.a.j.t.JMeterThread: Thread started: Thread Group 1-1
2024-03-10 21:03:23,047 INFO o.a.j.t.ThreadGroup: Started thread group number 1
2024-03-10 21:03:23,048 INFO o.a.j.e.StandardJMeterEngine: All thread groups have been started
2024-03-10 21:03:23,068 INFO o.a.j.p.h.s.HTTPHCAbstractImpl: Local host = DESKTOP-GRNC5A6
2024-03-10 21:03:23,075 INFO o.a.j.p.h.s.HTTPHC4Impl: HTTP request retry count = 0
2024-03-10 21:03:23,104 INFO o.a.j.t.JMeterThread: Thread started: Thread Group 1-2
2024-03-10 21:03:23,172 INFO o.a.j.t.JMeterThread: Thread started: Thread Group 1-3
2024-03-10 21:03:23,236 INFO o.a.j.t.JMeterThread: Thread is done: Thread Group 1-1
2024-03-10 21:03:23,236 INFO o.a.j.t.JMeterThread: Thread is done: Thread Group 1-2
2024-03-10 21:03:23,236 INFO o.a.j.t.JMeterThread: Thread is done: Thread Group 1-3
2024-03-10 21:03:23,237 INFO o.a.j.t.JMeterThread: Thread finished: Thread Group 1-1
2024-03-10 21:03:23,237 INFO o.a.j.t.JMeterThread: Thread finished: Thread Group 1-3
2024-03-10 21:03:23,237 INFO o.a.j.t.JMeterThread: Thread finished: Thread Group 1-2
2024-03-10 21:03:23,237 INFO o.a.j.t.JMeterThread: Thread started: Thread Group 1-4
2024-03-10 21:03:23,242 INFO o.a.j.t.JMeterThread: Thread is done: Thread Group 1-4
2024-03-10 21:03:23,242 INFO o.a.j.t.JMeterThread: Thread finished: Thread Group 1-4
2024-03-10 21:03:23,306 INFO o.a.j.t.JMeterThread: Thread started: Thread Group 1-5
2024-03-10 21:03:23,310 INFO o.a.j.t.JMeterThread: Thread is done: Thread Group 1-5
2024-03-10 21:03:23,310 INFO o.a.j.t.JMeterThread: Thread finished: Thread Group 1-5
2024-03-10 21:03:23,373 INFO o.a.j.t.JMeterThread: Thread started: Thread Group 1-6
2024-03-10 21:03:23,377 INFO o.a.j.t.JMeterThread: Thread is done: Thread Group 1-6
2024-03-10 21:03:23,378 INFO o.a.j.t.JMeterThread: Thread finished: Thread Group 1-6
2024-03-10 21:03:23,438 INFO o.a.j.t.JMeterThread: Thread started: Thread Group 1-7
2024-03-10 21:03:23,447 INFO o.a.j.t.JMeterThread: Thread is done: Thread Group 1-7
2024-03-10 21:03:23,448 INFO o.a.j.t.JMeterThread: Thread finished: Thread Group 1-7
2024-03-10 21:03:23,507 INFO o.a.j.t.JMeterThread: Thread started: Thread Group 1-8
2024-03-10 21:03:23,517 INFO o.a.j.t.JMeterThread: Thread is done: Thread Group 1-8
2024-03-10 21:03:23,518 INFO o.a.j.t.JMeterThread: Thread finished: Thread Group 1-8
2024-03-10 21:03:23,575 INFO o.a.j.t.JMeterThread: Thread started: Thread Group 1-9
2024-03-10 21:03:23,584 INFO o.a.j.t.JMeterThread: Thread is done: Thread Group 1-9
2024-03-10 21:03:23,585 INFO o.a.j.t.JMeterThread: Thread finished: Thread Group 1-9
2024-03-10 21:03:23,645 INFO o.a.j.t.JMeterThread: Thread started: Thread Group 1-10
2024-03-10 21:03:23,652 INFO o.a.j.t.JMeterThread: Thread is done: Thread Group 1-10
2024-03-10 21:03:23,653 INFO o.a.j.t.JMeterThread: Thread finished: Thread Group 1-10
2024-03-10 21:03:23,710 INFO o.a.j.t.JMeterThread: Thread started: Thread Group 1-11
2024-03-10 21:03:23,721 INFO o.a.j.t.JMeterThread: Thread is done: Thread Group 1-11
2024-03-10 21:03:23,722 INFO o.a.j.t.JMeterThread: Thread finished: Thread Group 1-11
2024-03-10 21:03:23,777 INFO o.a.j.t.JMeterThread: Thread started: Thread Group 1-12
2024-03-10 21:03:23,785 INFO o.a.j.t.JMeterThread: Thread is done: Thread Group 1-12
2024-03-10 21:03:23,786 INFO o.a.j.t.JMeterThread: Thread finished: Thread Group 1-12
2024-03-10 21:03:23,845 INFO o.a.j.t.JMeterThread: Thread started: Thread Group 1-13
2024-03-10 21:03:23,847 INFO o.a.j.t.JMeterThread: Thread is done: Thread Group 1-13
2024-03-10 21:03:23,848 INFO o.a.j.t.JMeterThread: Thread finished: Thread Group 1-13
2024-03-10 21:03:23,910 INFO o.a.j.t.JMeterThread: Thread started: Thread Group 1-14
2024-03-10 21:03:23,912 INFO o.a.j.t.JMeterThread: Thread is done: Thread Group 1-14
2024-03-10 21:03:23,913 INFO o.a.j.t.JMeterThread: Thread finished: Thread Group 1-14
2024-03-10 21:03:23,977 INFO o.a.j.t.JMeterThread: Thread started: Thread Group 1-15
2024-03-10 21:03:23,983 INFO o.a.j.t.JMeterThread: Thread is done: Thread Group 1-15
2024-03-10 21:03:23,983 INFO o.a.j.t.JMeterThread: Thread finished: Thread Group 1-15
2024-03-10 21:03:23,984 INFO o.a.j.e.StandardJMeterEngine: Notifying test listeners of end of test
2024-03-10 21:03:23,984 INFO o.a.j.g.u.JMeterMenuBar: setRunning(false, *local*)
2024-03-10 21:04:35,044 INFO o.a.j.e.StandardJMeterEngine: Running the test!
2024-03-10 21:04:35,045 INFO o.a.j.s.SampleEvent: List of sample_variables: []
2024-03-10 21:04:35,045 INFO o.a.j.g.u.JMeterMenuBar: setRunning(true, *local*)
2024-03-10 21:04:35,088 INFO o.a.j.e.StandardJMeterEngine: Starting ThreadGroup: 1 : Thread Group
2024-03-10 21:04:35,089 INFO o.a.j.e.StandardJMeterEngine: Starting 15 threads for group Thread Group.
2024-03-10 21:04:35,089 INFO o.a.j.e.StandardJMeterEngine: Thread will continue on error
2024-03-10 21:04:35,089 INFO o.a.j.t.ThreadGroup: Starting thread group... number=1 threads=15 ramp-up=1 delayedStart=false
2024-03-10 21:04:35,091 INFO o.a.j.t.JMeterThread: Thread started: Thread Group 1-1
2024-03-10 21:04:35,095 INFO o.a.j.t.ThreadGroup: Started thread group number 1
2024-03-10 21:04:35,095 INFO o.a.j.e.StandardJMeterEngine: All thread groups have been started
2024-03-10 21:04:35,159 INFO o.a.j.t.JMeterThread: Thread started: Thread Group 1-2
2024-03-10 21:04:35,224 INFO o.a.j.t.JMeterThread: Thread started: Thread Group 1-3
2024-03-10 21:04:35,292 INFO o.a.j.t.JMeterThread: Thread started: Thread Group 1-4
2024-03-10 21:04:35,358 INFO o.a.j.t.JMeterThread: Thread started: Thread Group 1-5
2024-03-10 21:04:35,360 INFO o.a.j.t.JMeterThread: Thread is done: Thread Group 1-3
2024-03-10 21:04:35,360 INFO o.a.j.t.JMeterThread: Thread is done: Thread Group 1-1
2024-03-10 21:04:35,360 INFO o.a.j.t.JMeterThread: Thread finished: Thread Group 1-3
2024-03-10 21:04:35,360 INFO o.a.j.t.JMeterThread: Thread finished: Thread Group 1-1
2024-03-10 21:04:35,370 INFO o.a.j.t.JMeterThread: Thread is done: Thread Group 1-5
2024-03-10 21:04:35,370 INFO o.a.j.t.JMeterThread: Thread finished: Thread Group 1-5
2024-03-10 21:04:35,425 INFO o.a.j.t.JMeterThread: Thread started: Thread Group 1-6
2024-03-10 21:04:35,436 INFO o.a.j.t.JMeterThread: Thread is done: Thread Group 1-6
2024-03-10 21:04:35,436 INFO o.a.j.t.JMeterThread: Thread finished: Thread Group 1-6
2024-03-10 21:04:35,492 INFO o.a.j.t.JMeterThread: Thread started: Thread Group 1-7
2024-03-10 21:04:35,503 INFO o.a.j.t.JMeterThread: Thread is done: Thread Group 1-7
2024-03-10 21:04:35,503 INFO o.a.j.t.JMeterThread: Thread finished: Thread Group 1-7
2024-03-10 21:04:35,559 INFO o.a.j.t.JMeterThread: Thread started: Thread Group 1-8
2024-03-10 21:04:35,568 INFO o.a.j.t.JMeterThread: Thread is done: Thread Group 1-8
2024-03-10 21:04:35,568 INFO o.a.j.t.JMeterThread: Thread finished: Thread Group 1-8
2024-03-10 21:04:35,628 INFO o.a.j.t.JMeterThread: Thread started: Thread Group 1-9
2024-03-10 21:04:35,635 INFO o.a.j.t.JMeterThread: Thread is done: Thread Group 1-9
2024-03-10 21:04:35,635 INFO o.a.j.t.JMeterThread: Thread finished: Thread Group 1-9
2024-03-10 21:04:35,693 INFO o.a.j.t.JMeterThread: Thread started: Thread Group 1-10
2024-03-10 21:04:35,703 INFO o.a.j.t.JMeterThread: Thread is done: Thread Group 1-10
2024-03-10 21:04:35,703 INFO o.a.j.t.JMeterThread: Thread finished: Thread Group 1-10
2024-03-10 21:04:35,761 INFO o.a.j.t.JMeterThread: Thread started: Thread Group 1-11
2024-03-10 21:04:35,772 INFO o.a.j.t.JMeterThread: Thread is done: Thread Group 1-11
2024-03-10 21:04:35,772 INFO o.a.j.t.JMeterThread: Thread finished: Thread Group 1-11
2024-03-10 21:04:35,829 INFO o.a.j.t.JMeterThread: Thread started: Thread Group 1-12
2024-03-10 21:04:35,835 INFO o.a.j.t.JMeterThread: Thread is done: Thread Group 1-12
2024-03-10 21:04:35,835 INFO o.a.j.t.JMeterThread: Thread finished: Thread Group 1-12
2024-03-10 21:04:35,895 INFO o.a.j.t.JMeterThread: Thread started: Thread Group 1-13
2024-03-10 21:04:35,908 INFO o.a.j.t.JMeterThread: Thread is done: Thread Group 1-13
2024-03-10 21:04:35,908 INFO o.a.j.t.JMeterThread: Thread finished: Thread Group 1-13
2024-03-10 21:04:35,962 INFO o.a.j.t.JMeterThread: Thread started: Thread Group 1-14
2024-03-10 21:04:36,028 INFO o.a.j.t.JMeterThread: Thread started: Thread Group 1-15
2024-03-10 21:04:36,092 INFO o.a.j.t.JMeterThread: Thread is done: Thread Group 1-4
2024-03-10 21:04:36,092 INFO o.a.j.t.JMeterThread: Thread is done: Thread Group 1-14
2024-03-10 21:04:36,092 INFO o.a.j.t.JMeterThread: Thread finished: Thread Group 1-4
2024-03-10 21:04:36,092 INFO o.a.j.t.JMeterThread: Thread finished: Thread Group 1-14
2024-03-10 21:04:36,094 INFO o.a.j.t.JMeterThread: Thread is done: Thread Group 1-2
2024-03-10 21:04:36,094 INFO o.a.j.t.JMeterThread: Thread finished: Thread Group 1-2
2024-03-10 21:04:36,105 INFO o.a.j.t.JMeterThread: Thread is done: Thread Group 1-15
2024-03-10 21:04:36,106 INFO o.a.j.t.JMeterThread: Thread finished: Thread Group 1-15
2024-03-10 21:04:36,106 INFO o.a.j.e.StandardJMeterEngine: Notifying test listeners of end of test
2024-03-10 21:04:36,106 INFO o.a.j.g.u.JMeterMenuBar: setRunning(false, *local*)
